<?xml version="1.0" encoding="UTF-8"?>
<testsuite xmlns:xsi="http://www.w3.org/2001/XMLSchema-instance" xsi:noNamespaceSchemaLocation="https://maven.apache.org/surefire/maven-surefire-plugin/xsd/surefire-test-report-3.0.xsd" version="3.0" name="estruturas.PilhaTest" time="0.052" tests="9" errors="0" skipped="0" failures="0">
  <properties>
[...]
</properties>
  <testcase name="deveRetornarTrueEstaVaziaAposEsvaziar" classname="estruturas.PilhaTest" time="0.005"/>
  <testcase name="deveLancarExcecaoDesempilharPilhaVazia" classname="estruturas.PilhaTest" time="0.005"/>
  <testcase name="deveLancarExcecaoVerTopoPilhaVazia" classname="estruturas.PilhaTest" time="0.003"/>
  <testcase name="deveEmpilharElementos" classname="estruturas.PilhaTest" time="0.002"/>
  <testcase name="deveAtualizarTamanho" classname="estruturas.PilhaTest" time="0.002"/>
  <testcase name="deveDesempilharElemento" classname="estruturas.PilhaTest" time="0.002"/>
  <testcase name="deveIniciarVazia" classname="estruturas.PilhaTest" time="0.001"/>
  <testcase name="deveSeguirOrdemLIFO" classname="estruturas.PilhaTest" time="0.002"/>
  <testcase name="deveRetornarTopoSemRemover" classname="estruturas.PilhaTest" time="0.009"/>
</testsuite>