<?xml version="1.0" encoding="UTF-8"?>
<testsuite xmlns:xsi="http://www.w3.org/2001/XMLSchema-instance" xsi:noNamespaceSchemaLocation="https://maven.apache.org/surefire/maven-surefire-plugin/xsd/surefire-test-report-3.0.xsd" version="3.0" name="estruturas.ListaDinamicaTest" time="0.805" tests="11" errors="0" skipped="0" failures="0">
  <properties>
[...]
</properties>
  <testcase name="deveRemoverElementoPorIndice" classname="estruturas.ListaDinamicaTest" time="0.007"/>
  <testcase name="deveLancarExcecaoIndiceInvalidoObter" classname="estruturas.ListaDinamicaTest" time="0.081"/>
  <testcase name="deveAtualizarTamanho" classname="estruturas.ListaDinamicaTest" time="0.002"/>
  <testcase name="deveIniciarVazia" classname="estruturas.ListaDinamicaTest" time="0.001"/>
  <testcase name="deveLancarExcecaoIndiceInvalidoRemove" classname="estruturas.ListaDinamicaTest" time="0.032"/>
  <testcase name="deveFuncionarComDifferentTypes" classname="estruturas.ListaDinamicaTest" time="0.007"/>
  <testcase name="deveIterarComIterator" classname="estruturas.ListaDinamicaTest" time="0.003"/>
  <testcase name="deveObterElementoPorIndice" classname="estruturas.ListaDinamicaTest" time="0.001"/>
  <testcase name="deveAdicionarElementos" classname="estruturas.ListaDinamicaTest" time="0.001"/>
  <testcase name="deveRemoverUltimoElemento" classname="estruturas.ListaDinamicaTest" time="0.006"/>
  <testcase name="deveRemoverPrimeiroElemento" classname="estruturas.ListaDinamicaTest" time="0.001"/>
</testsuite>